INFO: [Common 17-701] A license check has taken more than 10 seconds to complete. This may indicate that there is a performance issue with one or more license servers listed in XILINXD_LICENSE_FILE or LM_LICENSE_FILE, or that the license servers are just not responding at all. Try setting the FLEXLM_DIAGNOSTICS environment variable to 3 and running Vivado again to get more information.
#-----------------------------------------------------------
# Webtalk v2015.1 (64-bit)
# SW Build 1215546 on Mon Apr 27 19:37:43 MDT 2015
# 
# Start of session at: Thu Mar 31 15:51:47 2016
# Process ID: 8616
# Log file: F:/workspace_Vivado2015.1/detectfoot_linux/detectfoot_linux.sdk/webtalk/webtalk.log
# Journal file: F:/workspace_Vivado2015.1/detectfoot_linux/detectfoot_linux.sdk/webtalk\webtalk.jou
#-----------------------------------------------------------
source sdk_webtalk.tcl
# webtalk_init -webtalk_dir F:\\workspace_Vivado2015.1\\detectfoot_linux\\detectfoot_linux.sdk\\webtalk
# webtalk_register_client -client project
# webtalk_add_data -client project -key date_generated -value "星期四 三月 31 15:51:33 2016" -context "software_version_and_target_device"
# webtalk_add_data -client project -key product_version -value "SDK v2015.1" -context "software_version_and_target_device"
# webtalk_add_data -client project -key build_version -value "2015.1" -context "software_version_and_target_device"
# webtalk_add_data -client project -key os_platform -value "amd64" -context "software_version_and_target_device"
# webtalk_add_data -client project -key registration_id -value "" -context "software_version_and_target_device"
# webtalk_add_data -client project -key tool_flow -value "SDK" -context "software_version_and_target_device"
# webtalk_add_data -client project -key beta -value "false" -context "software_version_and_target_device"
# webtalk_add_data -client project -key route_design -value "NA" -context "software_version_and_target_device"
# webtalk_add_data -client project -key target_family -value "NA" -context "software_version_and_target_device"
# webtalk_add_data -client project -key target_device -value "NA" -context "software_version_and_target_device"
# webtalk_add_data -client project -key target_package -value "NA" -context "software_version_and_target_device"
# webtalk_add_data -client project -key target_speed -value "NA" -context "software_version_and_target_device"
# webtalk_add_data -client project -key random_id -value "129rcbjd0ufgbslbv61hr6f6i5" -context "software_version_and_target_device"
# webtalk_add_data -client project -key project_id -value "2015.1_13" -context "software_version_and_target_device"
# webtalk_add_data -client project -key project_iteration -value "13" -context "software_version_and_target_device"
# webtalk_add_data -client project -key os_name -value "" -context "user_environment"
# webtalk_add_data -client project -key os_release -value "" -context "user_environment"
# webtalk_add_data -client project -key cpu_name -value "" -context "user_environment"
# webtalk_add_data -client project -key cpu_speed -value "" -context "user_environment"
# webtalk_add_data -client project -key total_processors -value "" -context "user_environment"
# webtalk_add_data -client project -key system_ram -value "" -context "user_environment"
# webtalk_register_client -client sdk
# webtalk_add_data -client sdk -key uid -value "1459389625857" -context "sdk\\\\hardware/1459389625857"
# webtalk_add_data -client sdk -key isZynq -value "true" -context "sdk\\\\hardware/1459389625857"
# webtalk_add_data -client sdk -key Processors -value "2" -context "sdk\\\\hardware/1459389625857"
# webtalk_add_data -client sdk -key VivadoVersion -value "2015.1" -context "sdk\\\\hardware/1459389625857"
# webtalk_add_data -client sdk -key Arch -value "zynq" -context "sdk\\\\hardware/1459389625857"
# webtalk_add_data -client sdk -key Device -value "7z020" -context "sdk\\\\hardware/1459389625857"
# webtalk_add_data -client sdk -key IsHandoff -value "true" -context "sdk\\\\hardware/1459389625857"
# webtalk_add_data -client sdk -key uid -value "1459389698583" -context "sdk\\\\application/1459389698583"
# webtalk_add_data -client sdk -key os -value "linux" -context "sdk\\\\application/1459389698583"
# webtalk_add_data -client sdk -key apptemplate -value "linux_hello_world" -context "sdk\\\\application/1459389698583"
# webtalk_transmit -clientid 3127289152 -regid "" -xml F:\\workspace_Vivado2015.1\\detectfoot_linux\\detectfoot_linux.sdk\\webtalk\\usage_statistics_ext_sdk.xml -html F:\\workspace_Vivado2015.1\\detectfoot_linux\\detectfoot_linux.sdk\\webtalk\\usage_statistics_ext_sdk.html -wdm F:\\workspace_Vivado2015.1\\detectfoot_linux\\detectfoot_linux.sdk\\webtalk\\sdk_webtalk.wdm -intro "<H3>SDK Usage Report</H3><BR>"

    while executing
"webtalk_transmit -clientid 3127289152 -regid "" -xml F:\\workspace_Vivado2015.1\\detectfoot_linux\\detectfoot_linux.sdk\\webtalk\\usage_statistics_ext..."
    (file "sdk_webtalk.tcl" line 35)
INFO: [Common 17-206] Exiting Webtalk at Thu Mar 31 15:51:57 2016...
